{"ts":"2025-12-04T06:10:39Z","event":"framework.boot","trace_id":"AB48198C-01E0-480E-8CEF-FFEED7AC3BF6","data":{"version":"2.0.0"}}
{
  "ts": "2025-12-04T06:36:12Z",
  "event": "framework.boot",
  "trace_id": "8FE1ADCC-57F4-49EC-AA50-881A5151896E",
  "data": {
    "version": "2.1",
    "platform": "macOS"
  }
}
{
  "ts": "2025-12-04T06:36:52Z",
  "event": "framework.boot",
  "trace_id": "41E7907A-2055-42A5-878A-9AF9C1564690",
  "data": {
    "version": "2.1",
    "platform": "macOS"
  }
}
{
  "ts": "2025-12-04T06:37:16Z",
  "event": "framework.boot",
  "trace_id": "1611B79B-46FB-4090-B028-CDD75980FF7B",
  "data": {
    "version": "2.1",
    "platform": "macOS"
  }
}
{
  "ts": "2025-12-04T06:37:17Z",
  "event": "framework.boot",
  "trace_id": "F105C854-E3FA-418C-9D21-06F26A52C513",
  "data": {
    "version": "2.1",
    "platform": "macOS"
  }
}
{
  "ts": "2025-12-04T06:37:18Z",
  "event": "framework.boot",
  "trace_id": "7F42A840-986B-49D1-B454-A31B2B543D6B",
  "data": {
    "version": "2.1",
    "platform": "macOS"
  }
}
{
  "ts": "2025-12-04T06:37:18Z",
  "event": "framework.boot",
  "trace_id": "3170B4F1-E07E-4ACA-81BE-CDD45655DADC",
  "data": {
    "version": "2.1",
    "platform": "macOS"
  }
}
